<?xml version="1.0" encoding="UTF-8"?>
<!-- Generated by org.testng.reporters.JUnitXMLReporter -->
<testsuite ignored="0" hostname="Mithil" failures="0" tests="3" name="Default test" time="10.127" errors="0" timestamp="2026-04-03T14:43:22 IST">
  <testcase classname="com.swaglabs.test.TestPageLogin" name="loginTest" time="0.559"/>
  <testcase classname="com.swaglabs.test.TestPageLogin" name="loginTest" time="0.603"/>
  <testcase classname="com.swaglabs.test.TestPageLogin" name="loginTest" time="0.605"/>
</testsuite> <!-- Default test -->
