<?xml version="1.0" encoding="UTF-8"?>
<testng-results ignored="0" total="3" passed="3" failed="0" skipped="0">
  <reporter-output>
  </reporter-output>
  <suite started-at="2026-04-03T14:43:12 IST" name="Default suite" finished-at="2026-04-03T14:43:22 IST" duration-ms="10127">
    <groups>
    </groups>
    <test started-at="2026-04-03T14:43:12 IST" name="Default test" finished-at="2026-04-03T14:43:22 IST" duration-ms="10127">
      <class name="com.swaglabs.test.TestPageLogin">
        <test-method is-config="true" signature="setup()[pri:0, instance:com.swaglabs.test.TestPageLogin@1573f9fc]" started-at="2026-04-03T14:43:13 IST" name="setup" finished-at="2026-04-03T14:43:17 IST" duration-ms="3788" status="PASS">
          <reporter-output>
          </reporter-output>
        </test-method> <!-- setup -->
        <test-method signature="loginTest(java.lang.String,java.lang.String)[pri:0, instance:com.swaglabs.test.TestPageLogin@1573f9fc]" started-at="2026-04-03T14:43:17 IST" name="loginTest" data-provider="loginData" finished-at="2026-04-03T14:43:17 IST" duration-ms="559" status="PASS">
          <params>
            <param index="0">
              <value>
                <![CDATA[locked_out_user]]>
              </value>
            </param>
            <param index="1">
              <value>
                <![CDATA[secret_sauce]]>
              </value>
            </param>
          </params>
          <reporter-output>
          </reporter-output>
        </test-method> <!-- loginTest -->
        <test-method is-config="true" signature="setup()[pri:0, instance:com.swaglabs.test.TestPageLogin@1573f9fc]" started-at="2026-04-03T14:43:17 IST" name="setup" finished-at="2026-04-03T14:43:19 IST" duration-ms="1393" status="PASS">
          <reporter-output>
          </reporter-output>
        </test-method> <!-- setup -->
        <test-method signature="loginTest(java.lang.String,java.lang.String)[pri:0, instance:com.swaglabs.test.TestPageLogin@1573f9fc]" started-at="2026-04-03T14:43:19 IST" name="loginTest" data-provider="loginData" finished-at="2026-04-03T14:43:19 IST" duration-ms="603" status="PASS">
          <params>
            <param index="0">
              <value>
                <![CDATA[error_user]]>
              </value>
            </param>
            <param index="1">
              <value>
                <![CDATA[secret_sauce]]>
              </value>
            </param>
          </params>
          <reporter-output>
          </reporter-output>
        </test-method> <!-- loginTest -->
        <test-method is-config="true" signature="setup()[pri:0, instance:com.swaglabs.test.TestPageLogin@1573f9fc]" started-at="2026-04-03T14:43:19 IST" name="setup" finished-at="2026-04-03T14:43:21 IST" duration-ms="1684" status="PASS">
          <reporter-output>
          </reporter-output>
        </test-method> <!-- setup -->
        <test-method signature="loginTest(java.lang.String,java.lang.String)[pri:0, instance:com.swaglabs.test.TestPageLogin@1573f9fc]" started-at="2026-04-03T14:43:21 IST" name="loginTest" data-provider="loginData" finished-at="2026-04-03T14:43:21 IST" duration-ms="605" status="PASS">
          <params>
            <param index="0">
              <value>
                <![CDATA[standard_user]]>
              </value>
            </param>
            <param index="1">
              <value>
                <![CDATA[secret_sauce]]>
              </value>
            </param>
          </params>
          <reporter-output>
          </reporter-output>
        </test-method> <!-- loginTest -->
        <test-method is-config="true" signature="closeBrowser()[pri:0, instance:com.swaglabs.test.TestPageLogin@1573f9fc]" started-at="2026-04-03T14:43:21 IST" name="closeBrowser" finished-at="2026-04-03T14:43:22 IST" duration-ms="235" status="PASS">
          <reporter-output>
          </reporter-output>
        </test-method> <!-- closeBrowser -->
      </class> <!-- com.swaglabs.test.TestPageLogin -->
    </test> <!-- Default test -->
  </suite> <!-- Default suite -->
</testng-results>
