<?xml version="1.0" encoding="UTF-8"?>
<!-- Generated by org.testng.reporters.JUnitReportReporter -->
<testsuite hostname="Mithil" failures="0" tests="2" name="com.swaglabs.test.TestPageCheckoutInfo" time="0.554" errors="0" timestamp="2026-04-03T13:41:18 IST" skipped="0">
  <testcase classname="com.swaglabs.test.TestPageCheckoutInfo" name="infoPageTest" time="0.386"/>
  <testcase classname="com.swaglabs.test.TestPageCheckoutInfo" name="clickTest" time="0.168"/>
</testsuite> <!-- com.swaglabs.test.TestPageCheckoutInfo -->
