<?xml version="1.0" encoding="UTF-8"?>
<!-- Generated by org.testng.reporters.JUnitReportReporter -->
<testsuite hostname="Mithil" failures="0" tests="3" name="com.swaglabs.test.TestPageLogin" time="8.632" errors="0" timestamp="2026-04-03T14:43:22 IST" skipped="0">
  <testcase classname="com.swaglabs.test.TestPageLogin" name="loginTest" time="2.243"/>
  <testcase classname="com.swaglabs.test.TestPageLogin" name="loginTest" time="1.998"/>
  <testcase classname="com.swaglabs.test.TestPageLogin" name="loginTest" time="4.391"/>
</testsuite> <!-- com.swaglabs.test.TestPageLogin -->
