<?xml version="1.0" encoding="UTF-8"?>
<!-- Generated by org.testng.reporters.JUnitReportReporter -->
<testsuite hostname="Mithil" failures="0" tests="2" name="com.swaglabs.test.TestFinishPage" time="1.006" errors="0" timestamp="2026-04-03T13:41:18 IST" skipped="0">
  <testcase classname="com.swaglabs.test.TestFinishPage" name="clickFinsihTest" time="0.168"/>
  <testcase classname="com.swaglabs.test.TestFinishPage" name="clickSignOutTest" time="0.838"/>
</testsuite> <!-- com.swaglabs.test.TestFinishPage -->
