<?xml version="1.0" encoding="UTF-8"?>
<!-- Generated by org.testng.reporters.JUnitReportReporter -->
<testsuite hostname="Mithil" failures="0" tests="3" name="com.swaglabs.test.TestHomePage" time="5.557" errors="0" timestamp="2026-04-03T13:41:18 IST" skipped="0">
  <testcase classname="com.swaglabs.test.TestHomePage" name="itemSearchTest" time="3.284"/>
  <testcase classname="com.swaglabs.test.TestHomePage" name="buttonClickTest" time="0.113"/>
  <testcase classname="com.swaglabs.test.TestHomePage" name="cartClickTest" time="2.160"/>
</testsuite> <!-- com.swaglabs.test.TestHomePage -->
